<?xml version="1.0" encoding="UTF-8"?>
<testng-results ignored="0" total="1" passed="1" failed="0" skipped="0">
  <reporter-output>
  </reporter-output>
  <suite started-at="2022-07-14T23:55:47 COT" name="training.FirstSeleniumJavaTest" finished-at="2022-07-14T23:56:14 COT" duration-ms="26374">
    <groups>
    </groups>
    <test started-at="2022-07-14T23:55:47 COT" name="Command line test" finished-at="2022-07-14T23:56:14 COT" duration-ms="26374">
      <class name="training.FirstSeleniumJavaTest">
        <test-method is-config="true" signature="beforeTest()[pri:0, instance:training.FirstSeleniumJavaTest@43bc63a3]" started-at="2022-07-14T23:55:47 COT" name="beforeTest" finished-at="2022-07-14T23:55:51 COT" duration-ms="3075" status="PASS">
          <reporter-output>
          </reporter-output>
        </test-method> <!-- beforeTest -->
        <test-method signature="testTwo()[pri:0, instance:training.FirstSeleniumJavaTest@43bc63a3]" started-at="2022-07-14T23:55:51 COT" name="testTwo" finished-at="2022-07-14T23:56:13 COT" duration-ms="22233" status="PASS">
          <reporter-output>
          </reporter-output>
        </test-method> <!-- testTwo -->
        <test-method is-config="true" signature="afterTest()[pri:0, instance:training.FirstSeleniumJavaTest@43bc63a3]" started-at="2022-07-14T23:56:13 COT" name="afterTest" finished-at="2022-07-14T23:56:14 COT" duration-ms="1043" status="PASS">
          <reporter-output>
          </reporter-output>
        </test-method> <!-- afterTest -->
      </class> <!-- training.FirstSeleniumJavaTest -->
    </test> <!-- Command line test -->
  </suite> <!-- training.FirstSeleniumJavaTest -->
</testng-results>
